<?xml version="1.0" encoding="UTF-8"?>
<testsuite xmlns:xsi="http://www.w3.org/2001/XMLSchema-instance" xsi:noNamespaceSchemaLocation="https://maven.apache.org/surefire/maven-surefire-plugin/xsd/surefire-test-report.xsd" version="3.0.2" name="ies.gamensense.management_service.ManagementServiceApplicationTests" time="1.347" tests="1" errors="0" skipped="0" failures="0">
  <properties>
[...]
</properties>
  <testcase name="contextLoads" classname="ies.gamensense.management_service.ManagementServiceApplicationTests" time="0.403">
    <system-out><![CDATA[17:42:39.118 [main] INFO org.springframework.test.context.support.AnnotationConfigContextLoaderUtils -- Could not detect default configuration classes for test class [ies.gamensense.management_service.ManagementServiceApplicationTests]: ManagementServiceApplicationTests does not declare any static, non-private, non-final, nested classes annotated with @Configuration.
17:42:39.194 [main] INFO org.springframework.boot.test.context.SpringBootTestContextBootstrapper -- Found @SpringBootConfiguration ies.gamensense.management_service.ManagementServiceApplication for test class ies.gamensense.management_service.ManagementServiceApplicationTests
17:42:39.254 [main] INFO org.springframework.boot.devtools.restart.RestartApplicationListener -- Restart disabled due to context in which it is running

  .   ____          _            __ _ _
 /\\ / ___'_ __ _ _(_)_ __  __ _ \ \ \ \
( ( )\___ | '_ | '_| | '_ \/ _` | \ \ \ \
 \\/  ___)| |_)| | | | | || (_| |  ) ) ) )
  '  |____| .__|_| |_|_| |_\__, | / / / /
 =========|_|==============|___/=/_/_/_/

 :: Spring Boot ::                (v3.4.0)

2024-12-07T17:42:39.356Z  INFO 72910 --- [management_service] [           main] i.g.m.ManagementServiceApplicationTests  : Starting ManagementServiceApplicationTests using Java 23.0.1 with PID 72910 (started by gui in /Users/gui/uni/3ano/ies/ies-24-25-group-project-102/src/backend/management_service)
2024-12-07T17:42:39.357Z  INFO 72910 --- [management_service] [           main] i.g.m.ManagementServiceApplicationTests  : No active profile set, falling back to 1 default profile: "default"
2024-12-07T17:42:39.702Z  WARN 72910 --- [management_service] [           main] .s.s.UserDetailsServiceAutoConfiguration : 

Using generated security password: b4913629-4946-42c3-a11c-2600e01f0c62

This generated password is for development use only. Your security configuration must be updated before running your application in production.

2024-12-07T17:42:39.714Z  INFO 72910 --- [management_service] [           main] r$InitializeUserDetailsManagerConfigurer : Global AuthenticationManager configured with UserDetailsService bean with name inMemoryUserDetailsManager
2024-12-07T17:42:39.907Z  INFO 72910 --- [management_service] [           main] i.g.m.ManagementServiceApplicationTests  : Started ManagementServiceApplicationTests in 0.657 seconds (process running for 1.209)
]]></system-out>
    <system-err><![CDATA[Mockito is currently self-attaching to enable the inline-mock-maker. This will no longer work in future releases of the JDK. Please add Mockito as an agent to your build what is described in Mockito's documentation: https://javadoc.io/doc/org.mockito/mockito-core/latest/org/mockito/Mockito.html#0.3
WARNING: A Java agent has been loaded dynamically (/Users/gui/.m2/repository/net/bytebuddy/byte-buddy-agent/1.15.10/byte-buddy-agent-1.15.10.jar)
WARNING: If a serviceability tool is in use, please run with -XX:+EnableDynamicAgentLoading to hide this warning
WARNING: If a serviceability tool is not in use, please run with -Djdk.instrument.traceUsage for more information
WARNING: Dynamic loading of agents will be disallowed by default in a future release
]]></system-err>
  </testcase>
</testsuite>